{"total": {"lines":{"total":315,"covered":255,"skipped":0,"pct":80.95},"statements":{"total":322,"covered":261,"skipped":0,"pct":81.05},"functions":{"total":161,"covered":128,"skipped":0,"pct":79.5},"branches":{"total":82,"covered":62,"skipped":0,"pct":75.6},"branchesTrue":{"total":0,"covered":0,"skipped":0,"pct":100}}
,"/Users/zacharyyork/Desktop/School/cs329/jwt-pizza/src/icons.tsx": {"lines":{"total":14,"covered":13,"skipped":0,"pct":92.85},"functions":{"total":12,"covered":11,"skipped":0,"pct":91.66},"statements":{"total":14,"covered":13,"skipped":0,"pct":92.85},"branches":{"total":0,"covered":0,"skipped":0,"pct":100}}
,"/Users/zacharyyork/Desktop/School/cs329/jwt-pizza/src/app/app.tsx": {"lines":{"total":16,"covered":16,"skipped":0,"pct":100},"functions":{"total":9,"covered":9,"skipped":0,"pct":100},"statements":{"total":16,"covered":16,"skipped":0,"pct":100},"branches":{"total":0,"covered":0,"skipped":0,"pct":100}}
,"/Users/zacharyyork/Desktop/School/cs329/jwt-pizza/src/app/footer.tsx": {"lines":{"total":7,"covered":7,"skipped":0,"pct":100},"functions":{"total":5,"covered":5,"skipped":0,"pct":100},"statements":{"total":7,"covered":7,"skipped":0,"pct":100},"branches":{"total":2,"covered":2,"skipped":0,"pct":100}}
,"/Users/zacharyyork/Desktop/School/cs329/jwt-pizza/src/app/header.tsx": {"lines":{"total":5,"covered":5,"skipped":0,"pct":100},"functions":{"total":5,"covered":5,"skipped":0,"pct":100},"statements":{"total":6,"covered":6,"skipped":0,"pct":100},"branches":{"total":10,"covered":9,"skipped":0,"pct":90}}
,"/Users/zacharyyork/Desktop/School/cs329/jwt-pizza/src/components/breadcrumb.tsx": {"lines":{"total":5,"covered":5,"skipped":0,"pct":100},"functions":{"total":2,"covered":2,"skipped":0,"pct":100},"statements":{"total":5,"covered":5,"skipped":0,"pct":100},"branches":{"total":2,"covered":2,"skipped":0,"pct":100}}
,"/Users/zacharyyork/Desktop/School/cs329/jwt-pizza/src/components/button.tsx": {"lines":{"total":2,"covered":2,"skipped":0,"pct":100},"functions":{"total":1,"covered":1,"skipped":0,"pct":100},"statements":{"total":2,"covered":2,"skipped":0,"pct":100},"branches":{"total":2,"covered":2,"skipped":0,"pct":100}}
,"/Users/zacharyyork/Desktop/School/cs329/jwt-pizza/src/components/card.tsx": {"lines":{"total":1,"covered":1,"skipped":0,"pct":100},"functions":{"total":1,"covered":1,"skipped":0,"pct":100},"statements":{"total":1,"covered":1,"skipped":0,"pct":100},"branches":{"total":0,"covered":0,"skipped":0,"pct":100}}
,"/Users/zacharyyork/Desktop/School/cs329/jwt-pizza/src/components/carousel.tsx": {"lines":{"total":3,"covered":3,"skipped":0,"pct":100},"functions":{"total":3,"covered":3,"skipped":0,"pct":100},"statements":{"total":3,"covered":3,"skipped":0,"pct":100},"branches":{"total":0,"covered":0,"skipped":0,"pct":100}}
,"/Users/zacharyyork/Desktop/School/cs329/jwt-pizza/src/components/quote.tsx": {"lines":{"total":1,"covered":1,"skipped":0,"pct":100},"functions":{"total":1,"covered":1,"skipped":0,"pct":100},"statements":{"total":1,"covered":1,"skipped":0,"pct":100},"branches":{"total":0,"covered":0,"skipped":0,"pct":100}}
,"/Users/zacharyyork/Desktop/School/cs329/jwt-pizza/src/hooks/appNavigation.tsx": {"lines":{"total":10,"covered":9,"skipped":0,"pct":90},"functions":{"total":2,"covered":2,"skipped":0,"pct":100},"statements":{"total":10,"covered":9,"skipped":0,"pct":90},"branches":{"total":3,"covered":2,"skipped":0,"pct":66.66}}
,"/Users/zacharyyork/Desktop/School/cs329/jwt-pizza/src/service/httpPizzaService.ts": {"lines":{"total":48,"covered":40,"skipped":0,"pct":83.33},"functions":{"total":19,"covered":14,"skipped":0,"pct":73.68},"statements":{"total":48,"covered":40,"skipped":0,"pct":83.33},"branches":{"total":9,"covered":8,"skipped":0,"pct":88.88}}
,"/Users/zacharyyork/Desktop/School/cs329/jwt-pizza/src/service/pizzaService.ts": {"lines":{"total":6,"covered":6,"skipped":0,"pct":100},"functions":{"total":4,"covered":4,"skipped":0,"pct":100},"statements":{"total":9,"covered":9,"skipped":0,"pct":100},"branches":{"total":7,"covered":6,"skipped":0,"pct":85.71}}
,"/Users/zacharyyork/Desktop/School/cs329/jwt-pizza/src/service/service.ts": {"lines":{"total":1,"covered":1,"skipped":0,"pct":100},"functions":{"total":0,"covered":0,"skipped":0,"pct":100},"statements":{"total":1,"covered":1,"skipped":0,"pct":100},"branches":{"total":0,"covered":0,"skipped":0,"pct":100}}
,"/Users/zacharyyork/Desktop/School/cs329/jwt-pizza/src/views/about.tsx": {"lines":{"total":1,"covered":1,"skipped":0,"pct":100},"functions":{"total":1,"covered":1,"skipped":0,"pct":100},"statements":{"total":1,"covered":1,"skipped":0,"pct":100},"branches":{"total":0,"covered":0,"skipped":0,"pct":100}}
,"/Users/zacharyyork/Desktop/School/cs329/jwt-pizza/src/views/adminDashboard.tsx": {"lines":{"total":18,"covered":15,"skipped":0,"pct":83.33},"functions":{"total":12,"covered":9,"skipped":0,"pct":75},"statements":{"total":18,"covered":15,"skipped":0,"pct":83.33},"branches":{"total":1,"covered":1,"skipped":0,"pct":100}}
,"/Users/zacharyyork/Desktop/School/cs329/jwt-pizza/src/views/closeFranchise.tsx": {"lines":{"total":5,"covered":4,"skipped":0,"pct":80},"functions":{"total":2,"covered":2,"skipped":0,"pct":100},"statements":{"total":5,"covered":4,"skipped":0,"pct":80},"branches":{"total":0,"covered":0,"skipped":0,"pct":100}}
,"/Users/zacharyyork/Desktop/School/cs329/jwt-pizza/src/views/closeStore.tsx": {"lines":{"total":5,"covered":0,"skipped":0,"pct":0},"functions":{"total":2,"covered":0,"skipped":0,"pct":0},"statements":{"total":5,"covered":0,"skipped":0,"pct":0},"branches":{"total":0,"covered":0,"skipped":0,"pct":100}}
,"/Users/zacharyyork/Desktop/School/cs329/jwt-pizza/src/views/createFranchise.tsx": {"lines":{"total":8,"covered":8,"skipped":0,"pct":100},"functions":{"total":5,"covered":5,"skipped":0,"pct":100},"statements":{"total":8,"covered":8,"skipped":0,"pct":100},"branches":{"total":0,"covered":0,"skipped":0,"pct":100}}
,"/Users/zacharyyork/Desktop/School/cs329/jwt-pizza/src/views/createStore.tsx": {"lines":{"total":8,"covered":0,"skipped":0,"pct":0},"functions":{"total":4,"covered":0,"skipped":0,"pct":0},"statements":{"total":8,"covered":0,"skipped":0,"pct":0},"branches":{"total":0,"covered":0,"skipped":0,"pct":100}}
,"/Users/zacharyyork/Desktop/School/cs329/jwt-pizza/src/views/delivery.tsx": {"lines":{"total":14,"covered":7,"skipped":0,"pct":50},"functions":{"total":5,"covered":2,"skipped":0,"pct":40},"statements":{"total":14,"covered":7,"skipped":0,"pct":50},"branches":{"total":8,"covered":4,"skipped":0,"pct":50}}
,"/Users/zacharyyork/Desktop/School/cs329/jwt-pizza/src/views/dinerDashboard.tsx": {"lines":{"total":15,"covered":10,"skipped":0,"pct":66.66},"functions":{"total":7,"covered":5,"skipped":0,"pct":71.42},"statements":{"total":15,"covered":10,"skipped":0,"pct":66.66},"branches":{"total":9,"covered":5,"skipped":0,"pct":55.55}}
,"/Users/zacharyyork/Desktop/School/cs329/jwt-pizza/src/views/docs.tsx": {"lines":{"total":10,"covered":2,"skipped":0,"pct":20},"functions":{"total":5,"covered":0,"skipped":0,"pct":0},"statements":{"total":10,"covered":2,"skipped":0,"pct":20},"branches":{"total":2,"covered":0,"skipped":0,"pct":0}}
,"/Users/zacharyyork/Desktop/School/cs329/jwt-pizza/src/views/franchiseDashboard.tsx": {"lines":{"total":18,"covered":10,"skipped":0,"pct":55.55},"functions":{"total":11,"covered":6,"skipped":0,"pct":54.54},"statements":{"total":19,"covered":10,"skipped":0,"pct":52.63},"branches":{"total":3,"covered":1,"skipped":0,"pct":33.33}}
,"/Users/zacharyyork/Desktop/School/cs329/jwt-pizza/src/views/history.tsx": {"lines":{"total":1,"covered":1,"skipped":0,"pct":100},"functions":{"total":1,"covered":1,"skipped":0,"pct":100},"statements":{"total":1,"covered":1,"skipped":0,"pct":100},"branches":{"total":0,"covered":0,"skipped":0,"pct":100}}
,"/Users/zacharyyork/Desktop/School/cs329/jwt-pizza/src/views/home.tsx": {"lines":{"total":3,"covered":3,"skipped":0,"pct":100},"functions":{"total":2,"covered":2,"skipped":0,"pct":100},"statements":{"total":3,"covered":3,"skipped":0,"pct":100},"branches":{"total":0,"covered":0,"skipped":0,"pct":100}}
,"/Users/zacharyyork/Desktop/School/cs329/jwt-pizza/src/views/login.tsx": {"lines":{"total":17,"covered":17,"skipped":0,"pct":100},"functions":{"total":7,"covered":7,"skipped":0,"pct":100},"statements":{"total":17,"covered":17,"skipped":0,"pct":100},"branches":{"total":0,"covered":0,"skipped":0,"pct":100}}
,"/Users/zacharyyork/Desktop/School/cs329/jwt-pizza/src/views/logout.tsx": {"lines":{"total":7,"covered":7,"skipped":0,"pct":100},"functions":{"total":3,"covered":3,"skipped":0,"pct":100},"statements":{"total":7,"covered":7,"skipped":0,"pct":100},"branches":{"total":0,"covered":0,"skipped":0,"pct":100}}
,"/Users/zacharyyork/Desktop/School/cs329/jwt-pizza/src/views/menu.tsx": {"lines":{"total":27,"covered":26,"skipped":0,"pct":96.29},"functions":{"total":13,"covered":12,"skipped":0,"pct":92.3},"statements":{"total":29,"covered":28,"skipped":0,"pct":96.55},"branches":{"total":11,"covered":11,"skipped":0,"pct":100}}
,"/Users/zacharyyork/Desktop/School/cs329/jwt-pizza/src/views/notFound.tsx": {"lines":{"total":1,"covered":1,"skipped":0,"pct":100},"functions":{"total":1,"covered":1,"skipped":0,"pct":100},"statements":{"total":1,"covered":1,"skipped":0,"pct":100},"branches":{"total":0,"covered":0,"skipped":0,"pct":100}}
,"/Users/zacharyyork/Desktop/School/cs329/jwt-pizza/src/views/payment.tsx": {"lines":{"total":18,"covered":16,"skipped":0,"pct":88.88},"functions":{"total":7,"covered":6,"skipped":0,"pct":85.71},"statements":{"total":18,"covered":16,"skipped":0,"pct":88.88},"branches":{"total":13,"covered":9,"skipped":0,"pct":69.23}}
,"/Users/zacharyyork/Desktop/School/cs329/jwt-pizza/src/views/register.tsx": {"lines":{"total":19,"covered":17,"skipped":0,"pct":89.47},"functions":{"total":8,"covered":7,"skipped":0,"pct":87.5},"statements":{"total":19,"covered":17,"skipped":0,"pct":89.47},"branches":{"total":0,"covered":0,"skipped":0,"pct":100}}
,"/Users/zacharyyork/Desktop/School/cs329/jwt-pizza/src/views/view.tsx": {"lines":{"total":1,"covered":1,"skipped":0,"pct":100},"functions":{"total":1,"covered":1,"skipped":0,"pct":100},"statements":{"total":1,"covered":1,"skipped":0,"pct":100},"branches":{"total":0,"covered":0,"skipped":0,"pct":100}}
}
